0 info it worked if it ends with ok
1 verbose cli [ '/usr/bin/node', '/usr/bin/npm', 'run', 'coverage' ]
2 info using npm@3.5.2
3 info using node@v8.10.0
4 verbose run-script [ 'precoverage', 'coverage', 'postcoverage' ]
5 info lifecycle emojiapp@1.0.0~precoverage: emojiapp@1.0.0
6 silly lifecycle emojiapp@1.0.0~precoverage: no script for precoverage, continuing
7 info lifecycle emojiapp@1.0.0~coverage: emojiapp@1.0.0
8 verbose lifecycle emojiapp@1.0.0~coverage: unsafe-perm in lifecycle true
9 verbose lifecycle emojiapp@1.0.0~coverage: PATH: /usr/share/npm/bin/node-gyp-bin:/home/codezeros/Desktop/emojiApp/node_modules/.bin:/usr/local/sbin:/usr/local/bin:/usr/sbin:/usr/bin:/sbin:/bin:/usr/games:/usr/local/games:/snap/bin
10 verbose lifecycle emojiapp@1.0.0~coverage: CWD: /home/codezeros/Desktop/emojiApp
11 silly lifecycle emojiapp@1.0.0~coverage: Args: [ '-c', 'nyc --reporter=lcov --reporter=text-lcov npm test' ]
12 silly lifecycle emojiapp@1.0.0~coverage: Returned: code: 1  signal: null
13 info lifecycle emojiapp@1.0.0~coverage: Failed to exec coverage script
14 verbose stack Error: emojiapp@1.0.0 coverage: `nyc --reporter=lcov --reporter=text-lcov npm test`
14 verbose stack Exit status 1
14 verbose stack     at EventEmitter.<anonymous> (/usr/share/npm/lib/utils/lifecycle.js:232:16)
14 verbose stack     at emitTwo (events.js:126:13)
14 verbose stack     at EventEmitter.emit (events.js:214:7)
14 verbose stack     at ChildProcess.<anonymous> (/usr/share/npm/lib/utils/spawn.js:24:14)
14 verbose stack     at emitTwo (events.js:126:13)
14 verbose stack     at ChildProcess.emit (events.js:214:7)
14 verbose stack     at maybeClose (internal/child_process.js:925:16)
14 verbose stack     at Process.ChildProcess._handle.onexit (internal/child_process.js:209:5)
15 verbose pkgid emojiapp@1.0.0
16 verbose cwd /home/codezeros/Desktop/emojiApp
17 error Linux 4.15.0-45-generic
18 error argv "/usr/bin/node" "/usr/bin/npm" "run" "coverage"
19 error node v8.10.0
20 error npm  v3.5.2
21 error code ELIFECYCLE
22 error emojiapp@1.0.0 coverage: `nyc --reporter=lcov --reporter=text-lcov npm test`
22 error Exit status 1
23 error Failed at the emojiapp@1.0.0 coverage script 'nyc --reporter=lcov --reporter=text-lcov npm test'.
23 error Make sure you have the latest version of node.js and npm installed.
23 error If you do, this is most likely a problem with the emojiapp package,
23 error not with npm itself.
23 error Tell the author that this fails on your system:
23 error     nyc --reporter=lcov --reporter=text-lcov npm test
23 error You can get information on how to open an issue for this project with:
23 error     npm bugs emojiapp
23 error Or if that isn't available, you can get their info via:
23 error     npm owner ls emojiapp
23 error There is likely additional logging output above.
24 verbose exit [ 1, true ]
